0 info it worked if it ends with ok
1 verbose cli [ '/home/dnajar/.nvm/versions/node/v5.12.0/bin/node',
1 verbose cli   '/home/dnajar/.nvm/versions/node/v5.12.0/bin/npm',
1 verbose cli   'start' ]
2 info using npm@3.8.6
3 info using node@v5.12.0
4 verbose run-script [ 'prestart', 'start', 'poststart' ]
5 info lifecycle react-tut@1.0.0~prestart: react-tut@1.0.0
6 silly lifecycle react-tut@1.0.0~prestart: no script for prestart, continuing
7 info lifecycle react-tut@1.0.0~start: react-tut@1.0.0
8 verbose lifecycle react-tut@1.0.0~start: unsafe-perm in lifecycle true
9 verbose lifecycle react-tut@1.0.0~start: PATH: /home/dnajar/.nvm/versions/node/v5.12.0/lib/node_modules/npm/bin/node-gyp-bin:/home/dnajar/Code/jsProjects/react-tut/node_modules/.bin:/home/dnajar/.nvm/versions/node/v5.12.0/bin:/home/dnajar/.rvm/gems/ruby-2.4.1/bin:/home/dnajar/.rvm/gems/ruby-2.4.1@global/bin:/home/dnajar/.rvm/rubies/ruby-2.4.1/bin:/home/dnajar/.nvm/versions/node/v5.12.0/bin:/home/dnajar/.local/share/umake/bin:/home/dnajar/bin:/home/dnajar/.local/bin:/usr/local/sbin:/usr/local/bin:/usr/sbin:/usr/bin:/sbin:/bin:/usr/games:/usr/local/games:/snap/bin:/home/dnajar/.rvm/bin
10 verbose lifecycle react-tut@1.0.0~start: CWD: /home/dnajar/Code/jsProjects/react-tut
11 silly lifecycle react-tut@1.0.0~start: Args: [ '-c', 'webpack-dev-server' ]
12 silly lifecycle react-tut@1.0.0~start: Returned: code: 1  signal: null
13 info lifecycle react-tut@1.0.0~start: Failed to exec start script
14 verbose stack Error: react-tut@1.0.0 start: `webpack-dev-server`
14 verbose stack Exit status 1
14 verbose stack     at EventEmitter.<anonymous> (/home/dnajar/.nvm/versions/node/v5.12.0/lib/node_modules/npm/lib/utils/lifecycle.js:239:16)
14 verbose stack     at emitTwo (events.js:100:13)
14 verbose stack     at EventEmitter.emit (events.js:185:7)
14 verbose stack     at ChildProcess.<anonymous> (/home/dnajar/.nvm/versions/node/v5.12.0/lib/node_modules/npm/lib/utils/spawn.js:24:14)
14 verbose stack     at emitTwo (events.js:100:13)
14 verbose stack     at ChildProcess.emit (events.js:185:7)
14 verbose stack     at maybeClose (internal/child_process.js:850:16)
14 verbose stack     at Process.ChildProcess._handle.onexit (internal/child_process.js:215:5)
15 verbose pkgid react-tut@1.0.0
16 verbose cwd /home/dnajar/Code/jsProjects/react-tut
17 error Linux 4.13.0-32-generic
18 error argv "/home/dnajar/.nvm/versions/node/v5.12.0/bin/node" "/home/dnajar/.nvm/versions/node/v5.12.0/bin/npm" "start"
19 error node v5.12.0
20 error npm  v3.8.6
21 error code ELIFECYCLE
22 error react-tut@1.0.0 start: `webpack-dev-server`
22 error Exit status 1
23 error Failed at the react-tut@1.0.0 start script 'webpack-dev-server'.
23 error Make sure you have the latest version of node.js and npm installed.
23 error If you do, this is most likely a problem with the react-tut package,
23 error not with npm itself.
23 error Tell the author that this fails on your system:
23 error     webpack-dev-server
23 error You can get information on how to open an issue for this project with:
23 error     npm bugs react-tut
23 error Or if that isn't available, you can get their info via:
23 error     npm owner ls react-tut
23 error There is likely additional logging output above.
24 verbose exit [ 1, true ]
